app/build/intermediates/manifest_merge_blame_file/release/manifest-merger-blame-release-report.txt
1<?xml version="1.0" encoding="utf-8"?>
2<manifest xmlns:android="http://schemas.android.com/apk/res/android"
3    package="com.desiemoji.keyboard"
4    android:versionCode="1"
5    android:versionName="1.0.0" >
6
7    <uses-sdk
8        android:minSdkVersion="21"
8-->src\main\AndroidManifest.xml
9        android:targetSdkVersion="33" />
9-->src\main\AndroidManifest.xml
10
11    <uses-permission android:name="android.permission.POST_NOTIFICATIONS" />
11-->src\main\AndroidManifest.xml:5:5-77
11-->src\main\AndroidManifest.xml:5:22-74
12    <uses-permission android:name="android.permission.INTERNET" />
12-->src\main\AndroidManifest.xml:6:5-67
12-->src\main\AndroidManifest.xml:6:22-64
13    <uses-permission android:name="android.permission.ACCESS_NETWORK_STATE" />
13-->[com.github.frogobox.frogo-consume-api:frogoconsumeapi:2.4.5] AndroidManifest.xml:8:5-79
13-->[com.github.frogobox.frogo-consume-api:frogoconsumeapi:2.4.5] AndroidManifest.xml:8:22-76
14
15    <queries>
15-->[com.github.chuckerteam.chucker:library:3.5.2] AndroidManifest.xml:7:5-13:15
16        <intent>
16-->[com.github.chuckerteam.chucker:library:3.5.2] AndroidManifest.xml:8:9-12:18
17            <action android:name="android.intent.action.CREATE_DOCUMENT" />
17-->[com.github.chuckerteam.chucker:library:3.5.2] AndroidManifest.xml:9:13-76
17-->[com.github.chuckerteam.chucker:library:3.5.2] AndroidManifest.xml:9:21-73
18
19            <data android:mimeType="*/*" />
19-->[com.github.chuckerteam.chucker:library:3.5.2] AndroidManifest.xml:11:13-44
19-->[com.github.chuckerteam.chucker:library:3.5.2] AndroidManifest.xml:11:19-41
20        </intent>
21    </queries>
22
23    <uses-permission android:name="com.android.vending.CHECK_LICENSE" />
23-->[com.github.javiersantos:PiracyChecker:1.2.8] AndroidManifest.xml:11:5-73
23-->[com.github.javiersantos:PiracyChecker:1.2.8] AndroidManifest.xml:11:22-70
24    <uses-permission android:name="android.permission.WAKE_LOCK" />
24-->[androidx.work:work-runtime:2.8.1] AndroidManifest.xml:23:5-68
24-->[androidx.work:work-runtime:2.8.1] AndroidManifest.xml:23:22-65
25    <uses-permission android:name="android.permission.RECEIVE_BOOT_COMPLETED" />
25-->[androidx.work:work-runtime:2.8.1] AndroidManifest.xml:25:5-81
25-->[androidx.work:work-runtime:2.8.1] AndroidManifest.xml:25:22-78
26    <uses-permission android:name="android.permission.FOREGROUND_SERVICE" />
26-->[androidx.work:work-runtime:2.8.1] AndroidManifest.xml:26:5-77
26-->[androidx.work:work-runtime:2.8.1] AndroidManifest.xml:26:22-74
27
28    <permission
28-->[androidx.core:core:1.9.0] AndroidManifest.xml:22:5-24:47
29        android:name="com.desiemoji.keyboard.DYNAMIC_RECEIVER_NOT_EXPORTED_PERMISSION"
29-->[androidx.core:core:1.9.0] AndroidManifest.xml:23:9-81
30        android:protectionLevel="signature" />
30-->[androidx.core:core:1.9.0] AndroidManifest.xml:24:9-44
31
32    <uses-permission android:name="com.desiemoji.keyboard.DYNAMIC_RECEIVER_NOT_EXPORTED_PERMISSION" />
32-->[androidx.core:core:1.9.0] AndroidManifest.xml:26:5-97
32-->[androidx.core:core:1.9.0] AndroidManifest.xml:26:22-94
33
34    <application
34-->src\main\AndroidManifest.xml:8:5-73:19
35        android:name="com.desiemoji.keyboard.MainApp"
35-->src\main\AndroidManifest.xml:9:9-32
36        android:allowBackup="true"
36-->src\main\AndroidManifest.xml:10:9-35
37        android:appComponentFactory="androidx.core.app.CoreComponentFactory"
37-->[androidx.core:core:1.9.0] AndroidManifest.xml:28:18-86
38        android:dataExtractionRules="@xml/data_extraction_rules"
38-->src\main\AndroidManifest.xml:11:9-65
39        android:enableOnBackInvokedCallback="true"
39-->src\main\AndroidManifest.xml:12:9-51
40        android:fullBackupContent="@xml/backup_rules"
40-->src\main\AndroidManifest.xml:13:9-54
41        android:icon="@mipmap/ic_launcher"
41-->src\main\AndroidManifest.xml:14:9-43
42        android:label="@string/app_name"
42-->src\main\AndroidManifest.xml:15:9-41
43        android:roundIcon="@mipmap/ic_launcher"
43-->src\main\AndroidManifest.xml:16:9-48
44        android:supportsRtl="true"
44-->src\main\AndroidManifest.xml:17:9-35
45        android:theme="@style/Theme.Research"
45-->src\main\AndroidManifest.xml:18:9-46
46        android:usesCleartextTraffic="true" >
46-->src\main\AndroidManifest.xml:19:9-44
47        <activity
47-->src\main\AndroidManifest.xml:21:9-27:20
48            android:name="com.desiemoji.keyboard.ui.main.SettingsActivity"
48-->src\main\AndroidManifest.xml:22:13-53
49            android:exported="false" >
49-->src\main\AndroidManifest.xml:23:13-37
50            <meta-data
50-->src\main\AndroidManifest.xml:24:13-26:36
51                android:name="android.app.lib_name"
51-->src\main\AndroidManifest.xml:25:17-52
52                android:value="" />
52-->src\main\AndroidManifest.xml:26:17-33
53        </activity>
54        <activity
54-->src\main\AndroidManifest.xml:28:9-30:40
55            android:name="com.desiemoji.keyboard.ui.detail.DetailActivity"
55-->src\main\AndroidManifest.xml:29:13-53
56            android:exported="false" />
56-->src\main\AndroidManifest.xml:30:13-37
57        <activity
57-->src\main\AndroidManifest.xml:31:9-33:40
58            android:name="com.desiemoji.keyboard.ui.autotext.AutoTextActivity"
58-->src\main\AndroidManifest.xml:32:13-57
59            android:exported="false" />
59-->src\main\AndroidManifest.xml:33:13-37
60        <activity
60-->src\main\AndroidManifest.xml:34:9-36:40
61            android:name="com.desiemoji.keyboard.ui.autotext.AutoTextEditorActivity"
61-->src\main\AndroidManifest.xml:35:13-63
62            android:exported="false" />
62-->src\main\AndroidManifest.xml:36:13-37
63        <activity
63-->src\main\AndroidManifest.xml:37:9-39:40
64            android:name="com.desiemoji.keyboard.ui.autotext.AutoTextDetailActivity"
64-->src\main\AndroidManifest.xml:38:13-63
65            android:exported="false" />
65-->src\main\AndroidManifest.xml:39:13-37
66        <activity
66-->src\main\AndroidManifest.xml:40:9-48:20
67            android:name="com.desiemoji.keyboard.ui.main.MainActivity"
67-->src\main\AndroidManifest.xml:41:13-49
68            android:exported="true" >
68-->src\main\AndroidManifest.xml:42:13-36
69            <intent-filter>
69-->src\main\AndroidManifest.xml:43:13-47:29
70                <action android:name="android.intent.action.MAIN" />
70-->src\main\AndroidManifest.xml:44:17-69
70-->src\main\AndroidManifest.xml:44:25-66
71
72                <category android:name="android.intent.category.LAUNCHER" />
72-->src\main\AndroidManifest.xml:46:17-77
72-->src\main\AndroidManifest.xml:46:27-74
73            </intent-filter>
74        </activity>
75
76        <service
76-->src\main\AndroidManifest.xml:50:9-62:19
77            android:name="com.desiemoji.keyboard.services.KeyboardIME"
77-->src\main\AndroidManifest.xml:51:13-49
78            android:exported="true"
78-->src\main\AndroidManifest.xml:52:13-36
79            android:label="@string/app_name"
79-->src\main\AndroidManifest.xml:53:13-45
80            android:permission="android.permission.BIND_INPUT_METHOD" >
80-->src\main\AndroidManifest.xml:54:13-70
81            <meta-data
81-->src\main\AndroidManifest.xml:55:13-57:55
82                android:name="android.view.im"
82-->src\main\AndroidManifest.xml:56:17-47
83                android:resource="@xml/keys_config" />
83-->src\main\AndroidManifest.xml:57:17-52
84
85            <intent-filter>
85-->src\main\AndroidManifest.xml:59:13-61:29
86                <action android:name="android.view.InputMethod" />
86-->src\main\AndroidManifest.xml:60:17-67
86-->src\main\AndroidManifest.xml:60:25-64
87            </intent-filter>
88        </service>
89
90        <provider
90-->src\main\AndroidManifest.xml:64:9-72:20
91            android:name="androidx.core.content.FileProvider"
91-->src\main\AndroidManifest.xml:65:13-62
92            android:authorities="com.desiemoji.keyboard.inputcontent"
92-->src\main\AndroidManifest.xml:66:13-70
93            android:exported="false"
93-->src\main\AndroidManifest.xml:67:13-37
94            android:grantUriPermissions="true" >
94-->src\main\AndroidManifest.xml:68:13-47
95            <meta-data
95-->src\main\AndroidManifest.xml:69:13-71:54
96                android:name="android.support.FILE_PROVIDER_PATHS"
96-->src\main\AndroidManifest.xml:70:17-67
97                android:resource="@xml/file_paths" />
97-->src\main\AndroidManifest.xml:71:17-51
98        </provider>
99
100        <activity
100-->[com.github.frogobox.frogo-sdk:frogosdk:2.1.6] AndroidManifest.xml:11:9-17:20
101            android:name="com.frogobox.sdk.ui.FrogoWebViewActivity"
101-->[com.github.frogobox.frogo-sdk:frogosdk:2.1.6] AndroidManifest.xml:12:13-68
102            android:exported="false" >
102-->[com.github.frogobox.frogo-sdk:frogosdk:2.1.6] AndroidManifest.xml:13:13-37
103            <meta-data
103-->src\main\AndroidManifest.xml:24:13-26:36
104                android:name="android.app.lib_name"
104-->src\main\AndroidManifest.xml:25:17-52
105                android:value="" />
105-->src\main\AndroidManifest.xml:26:17-33
106        </activity>
107        <activity
107-->[com.github.frogobox.frogo-sdk:frogosdk:2.1.6] AndroidManifest.xml:18:9-21:68
108            android:name="com.frogobox.sdk.ui.FrogoCustomCrashActivity"
108-->[com.github.frogobox.frogo-sdk:frogosdk:2.1.6] AndroidManifest.xml:19:13-72
109            android:exported="false"
109-->[com.github.frogobox.frogo-sdk:frogosdk:2.1.6] AndroidManifest.xml:20:13-37
110            android:theme="@style/FrogoAppTheme.HideStatusBarUI" />
110-->[com.github.frogobox.frogo-sdk:frogosdk:2.1.6] AndroidManifest.xml:21:13-65
111        <activity
111-->[com.github.frogobox.frogo-sdk:frogosdk:2.1.6] AndroidManifest.xml:22:9-24:39
112            android:name="com.frogobox.sdk.ui.FrogoAboutUsActivity"
112-->[com.github.frogobox.frogo-sdk:frogosdk:2.1.6] AndroidManifest.xml:23:13-68
113            android:exported="true" />
113-->[com.github.frogobox.frogo-sdk:frogosdk:2.1.6] AndroidManifest.xml:24:13-36
114        <activity
114-->[com.github.chuckerteam.chucker:library:3.5.2] AndroidManifest.xml:16:9-21:52
115            android:name="com.chuckerteam.chucker.internal.ui.MainActivity"
115-->[com.github.chuckerteam.chucker:library:3.5.2] AndroidManifest.xml:17:13-76
116            android:label="@string/chucker_name"
116-->[com.github.chuckerteam.chucker:library:3.5.2] AndroidManifest.xml:18:13-49
117            android:launchMode="singleTask"
117-->[com.github.chuckerteam.chucker:library:3.5.2] AndroidManifest.xml:19:13-44
118            android:taskAffinity="com.chuckerteam.chucker.task"
118-->[com.github.chuckerteam.chucker:library:3.5.2] AndroidManifest.xml:20:13-64
119            android:theme="@style/Chucker.Theme" />
119-->[com.github.chuckerteam.chucker:library:3.5.2] AndroidManifest.xml:21:13-49
120        <activity
120-->[com.github.chuckerteam.chucker:library:3.5.2] AndroidManifest.xml:22:9-25:52
121            android:name="com.chuckerteam.chucker.internal.ui.transaction.TransactionActivity"
121-->[com.github.chuckerteam.chucker:library:3.5.2] AndroidManifest.xml:23:13-95
122            android:parentActivityName="com.chuckerteam.chucker.internal.ui.MainActivity"
122-->[com.github.chuckerteam.chucker:library:3.5.2] AndroidManifest.xml:24:13-90
123            android:theme="@style/Chucker.Theme" />
123-->[com.github.chuckerteam.chucker:library:3.5.2] AndroidManifest.xml:25:13-49
124        <activity
124-->[com.github.chuckerteam.chucker:library:3.5.2] AndroidManifest.xml:26:9-29:52
125            android:name="com.chuckerteam.chucker.internal.ui.throwable.ThrowableActivity"
125-->[com.github.chuckerteam.chucker:library:3.5.2] AndroidManifest.xml:27:13-91
126            android:parentActivityName="com.chuckerteam.chucker.internal.ui.MainActivity"
126-->[com.github.chuckerteam.chucker:library:3.5.2] AndroidManifest.xml:28:13-90
127            android:theme="@style/Chucker.Theme" />
127-->[com.github.chuckerteam.chucker:library:3.5.2] AndroidManifest.xml:29:13-49
128
129        <service
129-->[com.github.chuckerteam.chucker:library:3.5.2] AndroidManifest.xml:31:9-33:40
130            android:name="com.chuckerteam.chucker.internal.support.ClearDatabaseService"
130-->[com.github.chuckerteam.chucker:library:3.5.2] AndroidManifest.xml:32:13-89
131            android:exported="false" />
131-->[com.github.chuckerteam.chucker:library:3.5.2] AndroidManifest.xml:33:13-37
132
133        <provider
133-->[com.github.chuckerteam.chucker:library:3.5.2] AndroidManifest.xml:35:9-43:20
134            android:name="com.chuckerteam.chucker.internal.support.ChuckerFileProvider"
134-->[com.github.chuckerteam.chucker:library:3.5.2] AndroidManifest.xml:36:13-88
135            android:authorities="com.desiemoji.keyboard.com.chuckerteam.chucker.provider"
135-->[com.github.chuckerteam.chucker:library:3.5.2] AndroidManifest.xml:37:13-84
136            android:exported="false"
136-->[com.github.chuckerteam.chucker:library:3.5.2] AndroidManifest.xml:38:13-37
137            android:grantUriPermissions="true" >
137-->[com.github.chuckerteam.chucker:library:3.5.2] AndroidManifest.xml:39:13-47
138            <meta-data
138-->src\main\AndroidManifest.xml:69:13-71:54
139                android:name="android.support.FILE_PROVIDER_PATHS"
139-->src\main\AndroidManifest.xml:70:17-67
140                android:resource="@xml/chucker_provider_paths" />
140-->src\main\AndroidManifest.xml:71:17-51
141        </provider>
142
143        <activity
143-->[com.github.javiersantos:PiracyChecker:1.2.8] AndroidManifest.xml:14:9-16:57
144            android:name="com.github.javiersantos.piracychecker.activities.LicenseActivity"
144-->[com.github.javiersantos:PiracyChecker:1.2.8] AndroidManifest.xml:15:13-92
145            android:theme="@style/PiracyCheckerStyle" />
145-->[com.github.javiersantos:PiracyChecker:1.2.8] AndroidManifest.xml:16:13-54
146        <activity
146-->[cat.ereza:customactivityoncrash:2.4.0] AndroidManifest.xml:10:9-12:49
147            android:name="cat.ereza.customactivityoncrash.activity.DefaultErrorActivity"
147-->[cat.ereza:customactivityoncrash:2.4.0] AndroidManifest.xml:11:13-89
148            android:process=":error_activity" />
148-->[cat.ereza:customactivityoncrash:2.4.0] AndroidManifest.xml:12:13-46
149
150        <provider
150-->[cat.ereza:customactivityoncrash:2.4.0] AndroidManifest.xml:14:9-18:39
151            android:name="cat.ereza.customactivityoncrash.provider.CaocInitProvider"
151-->[cat.ereza:customactivityoncrash:2.4.0] AndroidManifest.xml:15:13-85
152            android:authorities="com.desiemoji.keyboard.customactivityoncrashinitprovider"
152-->[cat.ereza:customactivityoncrash:2.4.0] AndroidManifest.xml:16:13-85
153            android:exported="false"
153-->[cat.ereza:customactivityoncrash:2.4.0] AndroidManifest.xml:17:13-37
154            android:initOrder="101" />
154-->[cat.ereza:customactivityoncrash:2.4.0] AndroidManifest.xml:18:13-36
155
156        <activity
156-->[androidx.compose.ui:ui-tooling:1.4.0] AndroidManifest.xml:23:9-25:39
157            android:name="androidx.compose.ui.tooling.PreviewActivity"
157-->[androidx.compose.ui:ui-tooling:1.4.0] AndroidManifest.xml:24:13-71
158            android:exported="true" />
158-->[androidx.compose.ui:ui-tooling:1.4.0] AndroidManifest.xml:25:13-36
159
160        <provider
160-->[androidx.work:work-runtime:2.8.1] AndroidManifest.xml:29:9-37:20
161            android:name="androidx.startup.InitializationProvider"
161-->[androidx.work:work-runtime:2.8.1] AndroidManifest.xml:30:13-67
162            android:authorities="com.desiemoji.keyboard.androidx-startup"
162-->[androidx.work:work-runtime:2.8.1] AndroidManifest.xml:31:13-68
163            android:exported="false" >
163-->[androidx.work:work-runtime:2.8.1] AndroidManifest.xml:32:13-37
164            <meta-data
164-->[androidx.work:work-runtime:2.8.1] AndroidManifest.xml:34:13-36:52
165                android:name="androidx.work.WorkManagerInitializer"
165-->[androidx.work:work-runtime:2.8.1] AndroidManifest.xml:35:17-68
166                android:value="androidx.startup" />
166-->[androidx.work:work-runtime:2.8.1] AndroidManifest.xml:36:17-49
167            <meta-data
167-->[androidx.lifecycle:lifecycle-process:2.6.1] AndroidManifest.xml:29:13-31:52
168                android:name="androidx.lifecycle.ProcessLifecycleInitializer"
168-->[androidx.lifecycle:lifecycle-process:2.6.1] AndroidManifest.xml:30:17-78
169                android:value="androidx.startup" />
169-->[androidx.lifecycle:lifecycle-process:2.6.1] AndroidManifest.xml:31:17-49
170            <meta-data
170-->[androidx.profileinstaller:profileinstaller:1.3.0] AndroidManifest.xml:29:13-31:52
171                android:name="androidx.profileinstaller.ProfileInstallerInitializer"
171-->[androidx.profileinstaller:profileinstaller:1.3.0] AndroidManifest.xml:30:17-85
172                android:value="androidx.startup" />
172-->[androidx.profileinstaller:profileinstaller:1.3.0] AndroidManifest.xml:31:17-49
173        </provider>
174
175        <service
175-->[androidx.work:work-runtime:2.8.1] AndroidManifest.xml:39:9-45:35
176            android:name="androidx.work.impl.background.systemalarm.SystemAlarmService"
176-->[androidx.work:work-runtime:2.8.1] AndroidManifest.xml:40:13-88
177            android:directBootAware="false"
177-->[androidx.work:work-runtime:2.8.1] AndroidManifest.xml:41:13-44
178            android:enabled="@bool/enable_system_alarm_service_default"
178-->[androidx.work:work-runtime:2.8.1] AndroidManifest.xml:42:13-72
179            android:exported="false" />
179-->[androidx.work:work-runtime:2.8.1] AndroidManifest.xml:43:13-37
180        <service
180-->[androidx.work:work-runtime:2.8.1] AndroidManifest.xml:46:9-52:35
181            android:name="androidx.work.impl.background.systemjob.SystemJobService"
181-->[androidx.work:work-runtime:2.8.1] AndroidManifest.xml:47:13-84
182            android:directBootAware="false"
182-->[androidx.work:work-runtime:2.8.1] AndroidManifest.xml:48:13-44
183            android:enabled="@bool/enable_system_job_service_default"
183-->[androidx.work:work-runtime:2.8.1] AndroidManifest.xml:49:13-70
184            android:exported="true"
184-->[androidx.work:work-runtime:2.8.1] AndroidManifest.xml:50:13-36
185            android:permission="android.permission.BIND_JOB_SERVICE" />
185-->[androidx.work:work-runtime:2.8.1] AndroidManifest.xml:51:13-69
186        <service
186-->[androidx.work:work-runtime:2.8.1] AndroidManifest.xml:53:9-59:35
187            android:name="androidx.work.impl.foreground.SystemForegroundService"
187-->[androidx.work:work-runtime:2.8.1] AndroidManifest.xml:54:13-81
188            android:directBootAware="false"
188-->[androidx.work:work-runtime:2.8.1] AndroidManifest.xml:55:13-44
189            android:enabled="@bool/enable_system_foreground_service_default"
189-->[androidx.work:work-runtime:2.8.1] AndroidManifest.xml:56:13-77
190            android:exported="false" />
190-->[androidx.work:work-runtime:2.8.1] AndroidManifest.xml:57:13-37
191
192        <receiver
192-->[androidx.work:work-runtime:2.8.1] AndroidManifest.xml:61:9-66:35
193            android:name="androidx.work.impl.utils.ForceStopRunnable$BroadcastReceiver"
193-->[androidx.work:work-runtime:2.8.1] AndroidManifest.xml:62:13-88
194            android:directBootAware="false"
194-->[androidx.work:work-runtime:2.8.1] AndroidManifest.xml:63:13-44
195            android:enabled="true"
195-->[androidx.work:work-runtime:2.8.1] AndroidManifest.xml:64:13-35
196            android:exported="false" />
196-->[androidx.work:work-runtime:2.8.1] AndroidManifest.xml:65:13-37
197        <receiver
197-->[androidx.work:work-runtime:2.8.1] AndroidManifest.xml:67:9-77:20
198            android:name="androidx.work.impl.background.systemalarm.ConstraintProxy$BatteryChargingProxy"
198-->[androidx.work:work-runtime:2.8.1] AndroidManifest.xml:68:13-106
199            android:directBootAware="false"
199-->[androidx.work:work-runtime:2.8.1] AndroidManifest.xml:69:13-44
200            android:enabled="false"
200-->[androidx.work:work-runtime:2.8.1] AndroidManifest.xml:70:13-36
201            android:exported="false" >
201-->[androidx.work:work-runtime:2.8.1] AndroidManifest.xml:71:13-37
202            <intent-filter>
202-->[androidx.work:work-runtime:2.8.1] AndroidManifest.xml:73:13-76:29
203                <action android:name="android.intent.action.ACTION_POWER_CONNECTED" />
203-->[androidx.work:work-runtime:2.8.1] AndroidManifest.xml:74:17-87
203-->[androidx.work:work-runtime:2.8.1] AndroidManifest.xml:74:25-84
204                <action android:name="android.intent.action.ACTION_POWER_DISCONNECTED" />
204-->[androidx.work:work-runtime:2.8.1] AndroidManifest.xml:75:17-90
204-->[androidx.work:work-runtime:2.8.1] AndroidManifest.xml:75:25-87
205            </intent-filter>
206        </receiver>
207        <receiver
207-->[androidx.work:work-runtime:2.8.1] AndroidManifest.xml:78:9-88:20
208            android:name="androidx.work.impl.background.systemalarm.ConstraintProxy$BatteryNotLowProxy"
208-->[androidx.work:work-runtime:2.8.1] AndroidManifest.xml:79:13-104
209            android:directBootAware="false"
209-->[androidx.work:work-runtime:2.8.1] AndroidManifest.xml:80:13-44
210            android:enabled="false"
210-->[androidx.work:work-runtime:2.8.1] AndroidManifest.xml:81:13-36
211            android:exported="false" >
211-->[androidx.work:work-runtime:2.8.1] AndroidManifest.xml:82:13-37
212            <intent-filter>
212-->[androidx.work:work-runtime:2.8.1] AndroidManifest.xml:84:13-87:29
213                <action android:name="android.intent.action.BATTERY_OKAY" />
213-->[androidx.work:work-runtime:2.8.1] AndroidManifest.xml:85:17-77
213-->[androidx.work:work-runtime:2.8.1] AndroidManifest.xml:85:25-74
214                <action android:name="android.intent.action.BATTERY_LOW" />
214-->[androidx.work:work-runtime:2.8.1] AndroidManifest.xml:86:17-76
214-->[androidx.work:work-runtime:2.8.1] AndroidManifest.xml:86:25-73
215            </intent-filter>
216        </receiver>
217        <receiver
217-->[androidx.work:work-runtime:2.8.1] AndroidManifest.xml:89:9-99:20
218            android:name="androidx.work.impl.background.systemalarm.ConstraintProxy$StorageNotLowProxy"
218-->[androidx.work:work-runtime:2.8.1] AndroidManifest.xml:90:13-104
219            android:directBootAware="false"
219-->[androidx.work:work-runtime:2.8.1] AndroidManifest.xml:91:13-44
220            android:enabled="false"
220-->[androidx.work:work-runtime:2.8.1] AndroidManifest.xml:92:13-36
221            android:exported="false" >
221-->[androidx.work:work-runtime:2.8.1] AndroidManifest.xml:93:13-37
222            <intent-filter>
222-->[androidx.work:work-runtime:2.8.1] AndroidManifest.xml:95:13-98:29
223                <action android:name="android.intent.action.DEVICE_STORAGE_LOW" />
223-->[androidx.work:work-runtime:2.8.1] AndroidManifest.xml:96:17-83
223-->[androidx.work:work-runtime:2.8.1] AndroidManifest.xml:96:25-80
224                <action android:name="android.intent.action.DEVICE_STORAGE_OK" />
224-->[androidx.work:work-runtime:2.8.1] AndroidManifest.xml:97:17-82
224-->[androidx.work:work-runtime:2.8.1] AndroidManifest.xml:97:25-79
225            </intent-filter>
226        </receiver>
227        <receiver
227-->[androidx.work:work-runtime:2.8.1] AndroidManifest.xml:100:9-109:20
228            android:name="androidx.work.impl.background.systemalarm.ConstraintProxy$NetworkStateProxy"
228-->[androidx.work:work-runtime:2.8.1] AndroidManifest.xml:101:13-103
229            android:directBootAware="false"
229-->[androidx.work:work-runtime:2.8.1] AndroidManifest.xml:102:13-44
230            android:enabled="false"
230-->[androidx.work:work-runtime:2.8.1] AndroidManifest.xml:103:13-36
231            android:exported="false" >
231-->[androidx.work:work-runtime:2.8.1] AndroidManifest.xml:104:13-37
232            <intent-filter>
232-->[androidx.work:work-runtime:2.8.1] AndroidManifest.xml:106:13-108:29
233                <action android:name="android.net.conn.CONNECTIVITY_CHANGE" />
233-->[androidx.work:work-runtime:2.8.1] AndroidManifest.xml:107:17-79
233-->[androidx.work:work-runtime:2.8.1] AndroidManifest.xml:107:25-76
234            </intent-filter>
235        </receiver>
236        <receiver
236-->[androidx.work:work-runtime:2.8.1] AndroidManifest.xml:110:9-121:20
237            android:name="androidx.work.impl.background.systemalarm.RescheduleReceiver"
237-->[androidx.work:work-runtime:2.8.1] AndroidManifest.xml:111:13-88
238            android:directBootAware="false"
238-->[androidx.work:work-runtime:2.8.1] AndroidManifest.xml:112:13-44
239            android:enabled="false"
239-->[androidx.work:work-runtime:2.8.1] AndroidManifest.xml:113:13-36
240            android:exported="false" >
240-->[androidx.work:work-runtime:2.8.1] AndroidManifest.xml:114:13-37
241            <intent-filter>
241-->[androidx.work:work-runtime:2.8.1] AndroidManifest.xml:116:13-120:29
242                <action android:name="android.intent.action.BOOT_COMPLETED" />
242-->[androidx.work:work-runtime:2.8.1] AndroidManifest.xml:117:17-79
242-->[androidx.work:work-runtime:2.8.1] AndroidManifest.xml:117:25-76
243                <action android:name="android.intent.action.TIME_SET" />
243-->[androidx.work:work-runtime:2.8.1] AndroidManifest.xml:118:17-73
243-->[androidx.work:work-runtime:2.8.1] AndroidManifest.xml:118:25-70
244                <action android:name="android.intent.action.TIMEZONE_CHANGED" />
244-->[androidx.work:work-runtime:2.8.1] AndroidManifest.xml:119:17-81
244-->[androidx.work:work-runtime:2.8.1] AndroidManifest.xml:119:25-78
245            </intent-filter>
246        </receiver>
247        <receiver
247-->[androidx.work:work-runtime:2.8.1] AndroidManifest.xml:122:9-131:20
248            android:name="androidx.work.impl.background.systemalarm.ConstraintProxyUpdateReceiver"
248-->[androidx.work:work-runtime:2.8.1] AndroidManifest.xml:123:13-99
249            android:directBootAware="false"
249-->[androidx.work:work-runtime:2.8.1] AndroidManifest.xml:124:13-44
250            android:enabled="@bool/enable_system_alarm_service_default"
250-->[androidx.work:work-runtime:2.8.1] AndroidManifest.xml:125:13-72
251            android:exported="false" >
251-->[androidx.work:work-runtime:2.8.1] AndroidManifest.xml:126:13-37
252            <intent-filter>
252-->[androidx.work:work-runtime:2.8.1] AndroidManifest.xml:128:13-130:29
253                <action android:name="androidx.work.impl.background.systemalarm.UpdateProxies" />
253-->[androidx.work:work-runtime:2.8.1] AndroidManifest.xml:129:17-98
253-->[androidx.work:work-runtime:2.8.1] AndroidManifest.xml:129:25-95
254            </intent-filter>
255        </receiver>
256        <receiver
256-->[androidx.work:work-runtime:2.8.1] AndroidManifest.xml:132:9-142:20
257            android:name="androidx.work.impl.diagnostics.DiagnosticsReceiver"
257-->[androidx.work:work-runtime:2.8.1] AndroidManifest.xml:133:13-78
258            android:directBootAware="false"
258-->[androidx.work:work-runtime:2.8.1] AndroidManifest.xml:134:13-44
259            android:enabled="true"
259-->[androidx.work:work-runtime:2.8.1] AndroidManifest.xml:135:13-35
260            android:exported="true"
260-->[androidx.work:work-runtime:2.8.1] AndroidManifest.xml:136:13-36
261            android:permission="android.permission.DUMP" >
261-->[androidx.work:work-runtime:2.8.1] AndroidManifest.xml:137:13-57
262            <intent-filter>
262-->[androidx.work:work-runtime:2.8.1] AndroidManifest.xml:139:13-141:29
263                <action android:name="androidx.work.diagnostics.REQUEST_DIAGNOSTICS" />
263-->[androidx.work:work-runtime:2.8.1] AndroidManifest.xml:140:17-88
263-->[androidx.work:work-runtime:2.8.1] AndroidManifest.xml:140:25-85
264            </intent-filter>
265        </receiver>
266
267        <uses-library
267-->[androidx.window:window:1.0.0] AndroidManifest.xml:25:9-27:40
268            android:name="androidx.window.extensions"
268-->[androidx.window:window:1.0.0] AndroidManifest.xml:26:13-54
269            android:required="false" />
269-->[androidx.window:window:1.0.0] AndroidManifest.xml:27:13-37
270        <uses-library
270-->[androidx.window:window:1.0.0] AndroidManifest.xml:28:9-30:40
271            android:name="androidx.window.sidecar"
271-->[androidx.window:window:1.0.0] AndroidManifest.xml:29:13-51
272            android:required="false" />
272-->[androidx.window:window:1.0.0] AndroidManifest.xml:30:13-37
273
274        <service
274-->[androidx.room:room-runtime:2.5.1] AndroidManifest.xml:24:9-28:63
275            android:name="androidx.room.MultiInstanceInvalidationService"
275-->[androidx.room:room-runtime:2.5.1] AndroidManifest.xml:25:13-74
276            android:directBootAware="true"
276-->[androidx.room:room-runtime:2.5.1] AndroidManifest.xml:26:13-43
277            android:exported="false" />
277-->[androidx.room:room-runtime:2.5.1] AndroidManifest.xml:27:13-37
278
279        <receiver
279-->[androidx.profileinstaller:profileinstaller:1.3.0] AndroidManifest.xml:34:9-52:20
280            android:name="androidx.profileinstaller.ProfileInstallReceiver"
280-->[androidx.profileinstaller:profileinstaller:1.3.0] AndroidManifest.xml:35:13-76
281            android:directBootAware="false"
281-->[androidx.profileinstaller:profileinstaller:1.3.0] AndroidManifest.xml:36:13-44
282            android:enabled="true"
282-->[androidx.profileinstaller:profileinstaller:1.3.0] AndroidManifest.xml:37:13-35
283            android:exported="true"
283-->[androidx.profileinstaller:profileinstaller:1.3.0] AndroidManifest.xml:38:13-36
284            android:permission="android.permission.DUMP" >
284-->[androidx.profileinstaller:profileinstaller:1.3.0] AndroidManifest.xml:39:13-57
285            <intent-filter>
285-->[androidx.profileinstaller:profileinstaller:1.3.0] AndroidManifest.xml:40:13-42:29